Wed, 01 Feb 2023 12:08:04 GMT | INFO | backend.log | DATABASE CONNECTED IS:  | data:"mongodb://flexiuser:FlexiPass786@pol2dom.tk/SanitizedProd?authSource=SanitizedProd" | 
Wed, 01 Feb 2023 12:10:26 GMT | INFO | backend.log | DATABASE CONNECTED IS:  | data:"mongodb://flexiuser:FlexiPass786@pol2dom.tk/SanitizedProd?authSource=SanitizedProd" | 
Wed, 01 Feb 2023 12:10:51 GMT | INFO | backend.log | DATABASE CONNECTED IS:  | data:"mongodb://flexiuser:FlexiPass786@pol2dom.tk/SanitizedProd?authSource=SanitizedProd" | 
Wed, 01 Feb 2023 12:11:49 GMT | INFO | backend.log | DATABASE CONNECTED IS:  | data:"mongodb://flexiuser:FlexiPass786@pol2dom.tk/SanitizedProd?authSource=SanitizedProd" | 
Wed, 01 Feb 2023 12:11:58 GMT | INFO | backend.log | agendaNotification called | 
Wed, 01 Feb 2023 12:11:58 GMT | INFO | backend.log | agendaNormal called | 
Wed, 01 Feb 2023 13:31:56 GMT | INFO | backend.log | DATABASE CONNECTED IS:  | data:"mongodb://flexiuser:FlexiPass786@pol2dom.tk/SanitizedProd?authSource=SanitizedProd" | 
Wed, 01 Feb 2023 13:32:05 GMT | INFO | backend.log | agendaNotification called | 
Wed, 01 Feb 2023 13:32:05 GMT | INFO | backend.log | agendaNormal called | 
Wed, 01 Feb 2023 13:34:46 GMT | INFO | backend.log | DATABASE CONNECTED IS:  | data:"mongodb://flexiuser:FlexiPass786@pol2dom.tk/SanitizedProd?authSource=SanitizedProd" | 
Wed, 01 Feb 2023 13:34:47 GMT | INFO | backend.log | agendaNotification called | 
Wed, 01 Feb 2023 13:34:47 GMT | INFO | backend.log | agendaNormal called | 
Wed, 01 Feb 2023 13:36:12 GMT | INFO | backend.log | DATABASE CONNECTED IS:  | data:"mongodb+srv://sats:pcXxqh6tbxnrteJt@cluster0.ngq5e.mongodb.net/SanitizedProd?retryWrites=true&w=1&readPreference=secondary" | 
Wed, 01 Feb 2023 13:36:13 GMT | INFO | backend.log | agendaNotification called | 
Wed, 01 Feb 2023 13:36:13 GMT | INFO | backend.log | agendaNormal called | 
Wed, 01 Feb 2023 13:36:16 GMT | INFO | backend.log | agendaNormal started | 
Wed, 01 Feb 2023 13:36:16 GMT | INFO | backend.log | agendaNotification started | 
Wed, 01 Feb 2023 13:53:04 GMT | INFO | backend.log | DATABASE CONNECTED IS:  | data:"mongodb+srv://sats:pcXxqh6tbxnrteJt@cluster0.ngq5e.mongodb.net/SanitizedProd?retryWrites=true&w=1&readPreference=secondary" | 
Wed, 01 Feb 2023 13:53:05 GMT | INFO | backend.log | agendaNotification called | 
Wed, 01 Feb 2023 13:53:05 GMT | INFO | backend.log | agendaNormal called | 
Wed, 01 Feb 2023 13:53:08 GMT | INFO | backend.log | agendaNotification started | 
Wed, 01 Feb 2023 13:53:08 GMT | INFO | backend.log | agendaNormal started | 
Wed, 01 Feb 2023 13:53:39 GMT | INFO | backend.log | DATABASE CONNECTED IS:  | data:"mongodb+srv://sats:pcXxqh6tbxnrteJt@cluster0.ngq5e.mongodb.net/SanitizedProd?retryWrites=true&w=1&readPreference=secondary" | 
Wed, 01 Feb 2023 13:53:40 GMT | INFO | backend.log | agendaNotification called | 
Wed, 01 Feb 2023 13:53:40 GMT | INFO | backend.log | agendaNormal called | 
Wed, 01 Feb 2023 13:53:42 GMT | INFO | backend.log | agendaNormal started | 
Wed, 01 Feb 2023 13:53:42 GMT | INFO | backend.log | agendaNotification started | 
Wed, 01 Feb 2023 13:54:53 GMT | INFO | backend.log | DATABASE CONNECTED IS:  | data:"mongodb+srv://sats:pcXxqh6tbxnrteJt@cluster0.ngq5e.mongodb.net/SanitizedProd?retryWrites=true&w=1&readPreference=secondary" | 
Wed, 01 Feb 2023 13:54:54 GMT | INFO | backend.log | agendaNotification called | 
Wed, 01 Feb 2023 13:54:54 GMT | INFO | backend.log | agendaNormal called | 
Wed, 01 Feb 2023 13:54:56 GMT | INFO | backend.log | agendaNormal started | 
Wed, 01 Feb 2023 13:54:57 GMT | INFO | backend.log | agendaNotification started | 
Wed, 01 Feb 2023 13:55:47 GMT | INFO | backend.log | DATABASE CONNECTED IS:  | data:"mongodb+srv://sats:pcXxqh6tbxnrteJt@cluster0.ngq5e.mongodb.net/SanitizedProd?retryWrites=true&w=1&readPreference=secondary" | 
Wed, 01 Feb 2023 13:55:48 GMT | INFO | backend.log | agendaNotification called | 
Wed, 01 Feb 2023 13:55:48 GMT | INFO | backend.log | agendaNormal called | 
Wed, 01 Feb 2023 13:55:51 GMT | INFO | backend.log | agendaNormal started | 
Wed, 01 Feb 2023 13:55:51 GMT | INFO | backend.log | agendaNotification started | 
Wed, 01 Feb 2023 13:56:41 GMT | INFO | backend.log | DATABASE CONNECTED IS:  | data:"mongodb+srv://sats:pcXxqh6tbxnrteJt@cluster0.ngq5e.mongodb.net/SanitizedProd?retryWrites=true&w=1&readPreference=secondary" | 
Wed, 01 Feb 2023 13:56:42 GMT | INFO | backend.log | agendaNotification called | 
Wed, 01 Feb 2023 13:56:42 GMT | INFO | backend.log | agendaNormal called | 
Wed, 01 Feb 2023 13:56:44 GMT | INFO | backend.log | agendaNotification started | 
Wed, 01 Feb 2023 13:56:44 GMT | INFO | backend.log | agendaNormal started | 
Wed, 01 Feb 2023 13:59:44 GMT | INFO | backend.log | DATABASE CONNECTED IS:  | data:"mongodb+srv://sats:pcXxqh6tbxnrteJt@cluster0.ngq5e.mongodb.net/SanitizedProd?retryWrites=true&w=1&readPreference=secondary" | 
Wed, 01 Feb 2023 13:59:52 GMT | INFO | backend.log | agendaNotification called | 
Wed, 01 Feb 2023 13:59:52 GMT | INFO | backend.log | agendaNormal called | 
Wed, 01 Feb 2023 13:59:58 GMT | INFO | backend.log | agendaNotification started | 
Wed, 01 Feb 2023 13:59:58 GMT | INFO | backend.log | agendaNormal started | 
Wed, 01 Feb 2023 14:14:46 GMT | INFO | backend.log | DATABASE CONNECTED IS:  | data:"mongodb+srv://sats:pcXxqh6tbxnrteJt@cluster0.ngq5e.mongodb.net/SanitizedProd?retryWrites=true&w=1&readPreference=secondary" | 
Wed, 01 Feb 2023 14:14:47 GMT | INFO | backend.log | agendaNotification called | 
Wed, 01 Feb 2023 14:14:47 GMT | INFO | backend.log | agendaNormal called | 
Wed, 01 Feb 2023 14:14:53 GMT | INFO | backend.log | agendaNotification started | 
Wed, 01 Feb 2023 14:14:55 GMT | INFO | backend.log | agendaNormal started | 
Wed, 01 Feb 2023 14:23:19 GMT | INFO | backend.log | DATABASE CONNECTED IS:  | data:"mongodb+srv://sats:pcXxqh6tbxnrteJt@cluster0.ngq5e.mongodb.net/SanitizedProd?retryWrites=true&w=1&readPreference=secondary" | 
Wed, 01 Feb 2023 14:23:20 GMT | INFO | backend.log | agendaNotification called | 
Wed, 01 Feb 2023 14:23:20 GMT | INFO | backend.log | agendaNormal called | 
Wed, 01 Feb 2023 14:23:23 GMT | INFO | backend.log | agendaNotification started | 
Wed, 01 Feb 2023 14:23:23 GMT | INFO | backend.log | agendaNormal started | 
